[backblue.gif]
[fade.gif]
[index.html]
[schoolerpindia.com/images/bg/1.jpg]
[cdn.ampproject.org/v0.js]
[schoolerpindia.com/images/favicon.png]
[cdnjs.cloudflare.com/ajax/libs/font-awesome/6.4.2/css/all.min.css]
[maxcdn.bootstrapcdn.com/bootstrap/4.0.0/css/bootstrap.min.css]
[use.fontawesome.com/releases/v5.7.2/css/all.css]
[cdnjs.cloudflare.com/ajax/libs/jquery/3.2.1/jquery.min.js]
[stackpath.bootstrapcdn.com/bootstrap/4.0.0/js/bootstrap.bundle.min.js]
[cdnjs.cloudflare.com/ajax/libs/OwlCarousel2/2.3.4/assets/owl.carousel.min.css]
[cdnjs.cloudflare.com/ajax/libs/OwlCarousel2/2.3.4/assets/owl.theme.default.css]
[cdnjs.cloudflare.com/ajax/libs/OwlCarousel2/2.2.1/owl.carousel.js]
[schoolerpindia.com/images/logo.png]
[schoolerpindia.com/images/bg/erp_banner2.gif]
[schoolerpindia.com/images/bg/erp_banner4.webp]
[schoolerpindia.com/images/RFID.jpg]
[schoolerpindia.com/js/jquery.v1.12.4.min.js]
[schoolerpindia.com/js/bootstrap.min.js]
[schoolerpindia.com/js/jquery-core-plugins.js]
[schoolerpindia.com/js/main.js]
[schoolerpindia.com/js/rTabs.js]
[schoolerpindia.com/rfid-card.html]
[schoolerpindia.com/images/academic.png]
[schoolerpindia.com/images/student.png]
[schoolerpindia.com/images/transprot.png]
[schoolerpindia.com/images/exam-management.png]
[schoolerpindia.com/images/finance.png]
[schoolerpindia.com/images/intro_sec/3rd/CLASS_SECTION.png]
[schoolerpindia.com/images/intro_sec/3rd/SYLLABUS.png]
[schoolerpindia.com/images/intro_sec/3rd/LESSON PLANNING.png]
[schoolerpindia.com/images/intro_sec/3rd/ATTENDANCE.png]
[schoolerpindia.com/images/intro_sec/3rd/ADMISSION.png]
[schoolerpindia.com/images/intro_sec/3rd/CIRCULAR.png]
[schoolerpindia.com/images/intro_sec/3rd/CERTIFICATE.png]
[schoolerpindia.com/images/intro_sec/3rd/DEPARTMENT.png]
[schoolerpindia.com/images/intro_sec/3rd/DASHBOARD.png]
[schoolerpindia.com/images/intro_sec/3rd/NOTES.png]
[schoolerpindia.com/images/intro_sec/3rd/EVENT.png]
[schoolerpindia.com/images/intro_sec/3rd/TASK.png]
[schoolerpindia.com/images/intro_sec/3rd/TIME TABLE.png]
[schoolerpindia.com/images/intro_sec/3rd/store.png]
[schoolerpindia.com/images/intro_sec/3rd/SCHOLARSHIP.png]
[schoolerpindia.com/images/intro_sec/3rd/STUDENT TRACKING.png]
[schoolerpindia.com/images/intro_sec/3rd/NOTIFICATION.png]
[schoolerpindia.com/images/intro_sec/3rd/LEAVE MANAGEMENT.png]
[schoolerpindia.com/images/intro_sec/3rd/DRIVER DETAIL.png]
[schoolerpindia.com/images/intro_sec/3rd/VEHICLE TRACKING.png]
[schoolerpindia.com/images/intro_sec/3rd/ROUTE DETAIL.png]
[schoolerpindia.com/images/intro_sec/3rd/FEE.png]
[schoolerpindia.com/images/intro_sec/3rd/TRANSPORT ALLOCATION.png]
[schoolerpindia.com/images/intro_sec/3rd/BOOK CATEGORY.png]
[schoolerpindia.com/images/intro_sec/3rd/BOOK ISSUE AND RETURN.png]
[schoolerpindia.com/images/intro_sec/3rd/HOSTEL.png]
[schoolerpindia.com/images/intro_sec/3rd/CANTEEN.png]
[schoolerpindia.com/images/intro_sec/3rd/Mnual exam.png]
[schoolerpindia.com/images/intro_sec/3rd/Question bank.png]
[schoolerpindia.com/images/intro_sec/3rd/Online exam.png]
[schoolerpindia.com/images/intro_sec/3rd/Exam time table.png]
[schoolerpindia.com/images/intro_sec/3rd/Ranking levels.png]
[schoolerpindia.com/images/intro_sec/3rd/Exam reult.png]
[schoolerpindia.com/images/intro_sec/3rd/Supervisor.png]
[schoolerpindia.com/images/intro_sec/3rd/Exam report.png]
[schoolerpindia.com/images/intro_sec/3rd/Class Designation.png]
[schoolerpindia.com/images/intro_sec/3rd/salary setting.png]
[schoolerpindia.com/images/intro_sec/3rd/pay head.png]
[schoolerpindia.com/images/intro_sec/3rd/pay type.png]
[schoolerpindia.com/images/intro_sec/3rd/pay sleep.png]
[schoolerpindia.com/images/intro_sec/3rd/account managment.png]
[schoolerpindia.com/images/intro_sec/3rd/fees management.png]
[schoolerpindia.com/images/intro_sec/3rd/reports.png]
[schoolerpindia.com/images/intro_sec/3rd/master1.png]
[schoolerpindia.com/images/intro_sec/3rd/master.png]
[schoolerpindia.com/images/app-features-icon-1.png]
[schoolerpindia.com/images/app-features-icon-2.png]
[schoolerpindia.com/images/app-features-icon-3.png]
[schoolerpindia.com/images/app-features-icon-4.png]
[schoolerpindia.com/images/app-features-icon-5.png]
[schoolerpindia.com/images/mobile-app-features-img8.png]
[schoolerpindia.com/images/app-features-icon-6.png]
[schoolerpindia.com/images/app-features-icon-7.png]
[schoolerpindia.com/images/app-features-icon-8.png]
[schoolerpindia.com/images/app-features-icon-9.png]
[schoolerpindia.com/images/app-features-icon-10.png]
[schoolerpindia.com/images/about/api.png]
[schoolerpindia.com/images/feature/f1.webp]
[schoolerpindia.com/images/feature/f2.webp]
[schoolerpindia.com/images/feature/f3.webp]
[schoolerpindia.com/images/about/3.webp]
[schoolerpindia.com/images/nclients/1.png]
[schoolerpindia.com/images/nclients/2.png]
[schoolerpindia.com/images/nclients/3.png]
[schoolerpindia.com/images/nclients/4.png]
[schoolerpindia.com/images/nclients/5.png]
[schoolerpindia.com/images/nclients/6.png]
[schoolerpindia.com/images/nclients/7.png]
[schoolerpindia.com/images/nclients/8.png]
[schoolerpindia.com/images/nclients/9.png]
[schoolerpindia.com/images/nclients/10.png]
[schoolerpindia.com/images/nclients/11.png]
[schoolerpindia.com/images/nclients/12.png]
[schoolerpindia.com/images/nclients/13.png]
[schoolerpindia.com/images/nclients/14.png]
[schoolerpindia.com/images/nclients/15.png]
[schoolerpindia.com/images/nclients/16.png]
[schoolerpindia.com/images/nclients/17.png]
[schoolerpindia.com/images/nclients/18.png]
[schoolerpindia.com/images/nclients/19.png]
[schoolerpindia.com/images/nclients/20.png]
[schoolerpindia.com/images/nclients/21.png]
[schoolerpindia.com/images/nclients/22.png]
[schoolerpindia.com/images/nclients/23.png]
[schoolerpindia.com/images/nclients/24.png]
[schoolerpindia.com/images/nclients/25.png]
[schoolerpindia.com/images/nclients/26.png]
[schoolerpindia.com/images/nclients/27.png]
[schoolerpindia.com/images/nclients/28.png]
[schoolerpindia.com/images/nclients/29.png]
[schoolerpindia.com/images/nclients/30.png]
[schoolerpindia.com/images/nclients/31.png]
[schoolerpindia.com/images/nclients/32.png]
[schoolerpindia.com/images/nclients/33.png]
[schoolerpindia.com/images/nclients/34.png]
[schoolerpindia.com/images/nclients/35.png]
[schoolerpindia.com/images/nclients/36.png]
[schoolerpindia.com/images/nclients/37.png]
[schoolerpindia.com/images/nclients/38.png]
[schoolerpindia.com/images/nclients/39.png]
[schoolerpindia.com/images/nclients/40.png]
[schoolerpindia.com/images/nclients/41.png]
[schoolerpindia.com/images/nclients/42.png]
[schoolerpindia.com/images/nclients/43.png]
[schoolerpindia.com/images/nclients/44.png]
[schoolerpindia.com/images/nclients/45.png]
[schoolerpindia.com/images/nclients/46.png]
[schoolerpindia.com/images/nclients/47.png]
[schoolerpindia.com/images/nclients/48.png]
[schoolerpindia.com/images/nclients/49.png]
[schoolerpindia.com/images/nclients/50.png]
[schoolerpindia.com/images/nclients/51.png]
[schoolerpindia.com/images/nclients/52.png]
[schoolerpindia.com/images/nclients/53.png]
[schoolerpindia.com/js/somu_main2.js]
[schoolerpindia.com/js/somu_rTabs2.js]
[schoolerpindia.com/index.html]
[schoolerpindia.com/images/bg/abs-bg3.png]
[schoolerpindia.com/images/bg/abs-bg4.png]
[schoolerpindia.com/images/objects/1.png]
[schoolerpindia.com/images/objects/3.png]
[schoolerpindia.com/images/down-arrow.png]
[schoolerpindia.com/images/bg/partners-banner.png]
[schoolerpindia.com/images/bg/abs-bg1.png]
[schoolerpindia.com/images/bg/abs-bg2.png]
[schoolerpindia.com/images/bg/contact-form-bg.png]
[schoolerpindia.com/images/core_features_tab.png]
[schoolerpindia.com/images/tab-con-item-line.png]
[schoolerpindia.com/images/titel-line-img.png]
[schoolerpindia.com/css/style.css]
[schoolerpindia.com/css/responsive.css]
[schoolerpindia.com/css/slide.css]
[schoolerpindia.com/css/animate.css]
[schoolerpindia.com/css/custom-animation.css]
[schoolerpindia.com/css/magnific-popup.css]
[schoolerpindia.com/css/meanmenu.min.css]
[schoolerpindia.com/css/owl.carousel.min.css]
[cdnjs.cloudflare.com/ajax/libs/font-awesome/6.4.2/css/all.min.css]
[maxcdn.bootstrapcdn.com/bootstrap/4.0.0/css/bootstrap.min.css]
[use.fontawesome.com/releases/v5.7.2/css/all.css]
[cdnjs.cloudflare.com/ajax/libs/OwlCarousel2/2.3.4/assets/owl.video.play.png]
[cdnjs.cloudflare.com/ajax/libs/OwlCarousel2/2.3.4/assets/owl.carousel.min.css]
[cdnjs.cloudflare.com/ajax/libs/OwlCarousel2/2.3.4/assets/owl.theme.default.css]
[schoolerpindia.com/images/demo/8.png]
[schoolerpindia.com/images/demo/2.png]
[schoolerpindia.com/images/demo/playstore.png]
[schoolerpindia.com/images/demo/appstore.png]
[schoolerpindia.com/brochure/STUDENT APP.pdf]
[schoolerpindia.com/brochure/TEACHER APP.pdf]
[schoolerpindia.com/brochure/DRIVER APP.pdf]
[schoolerpindia.com/brochure/SCHOOLERP.pdf]
[schoolerpindia.com/school-erp-demo.html]
[schoolerpindia.com/images/student-enrollment.png]
[schoolerpindia.com/admission-management.html]
[schoolerpindia.com/images/student-attendance-1.png]
[schoolerpindia.com/images/student-list.png]
[schoolerpindia.com/student-management.html]
[schoolerpindia.com/softimages/fees-master.png]
[schoolerpindia.com/softimages/fees-recipt-monthwise.png]
[schoolerpindia.com/softimages/fees-recipt-headwise.png]
[schoolerpindia.com/softimages/fees-discount-headwise.png]
[schoolerpindia.com/softimages/fees-recipt-borth-sister.png]
[schoolerpindia.com/softimages/fees-adjustment.png]
[schoolerpindia.com/softimages/advance-fee-receipt.png]
[schoolerpindia.com/softimages/add-other-fee.png]
[schoolerpindia.com/softimages/fee-refund.png]
[schoolerpindia.com/fees-management.html]
[schoolerpindia.com/images/at4.png]
[schoolerpindia.com/images/at5.png]
[schoolerpindia.com/images/at1.png]
[schoolerpindia.com/images/at2.png]
[schoolerpindia.com/images/at3.png]
[schoolerpindia.com/index_files/vlb_images1/a_2.jpg]
[schoolerpindia.com/index_files/vlb_thumbnails1/a_2.jpg]
[schoolerpindia.com/index_files/vlb_images1/w_5.jpg]
[schoolerpindia.com/index_files/vlb_thumbnails1/w_5.jpg]
[schoolerpindia.com/attendance-management.html]
[schoolerpindia.com/images/a4.jpg]
[schoolerpindia.com/images/a3.jpg]
[schoolerpindia.com/images/a2.jpg]
[schoolerpindia.com/images/a1.jpg]
[schoolerpindia.com/index_files/vlb_images1/a_1.jpg]
[schoolerpindia.com/index_files/vlb_thumbnails1/a_1.jpg]
[schoolerpindia.com/index_files/vlb_images1/a_3.jpg]
[schoolerpindia.com/index_files/vlb_thumbnails1/a_3.jpg]
[schoolerpindia.com/index_files/vlb_images1/a_4.jpg]
[schoolerpindia.com/index_files/vlb_thumbnails1/a_4.jpg]
[schoolerpindia.com/index_files/vlb_images1/a_5.jpg]
[schoolerpindia.com/index_files/vlb_thumbnails1/a_5.jpg]
[schoolerpindia.com/index_files/vlb_images1/w_8.jpg]
[schoolerpindia.com/index_files/vlb_thumbnails1/w_8.jpg]
[schoolerpindia.com/index_files/vlb_images1/w_9.jpg]
[schoolerpindia.com/index_files/vlb_thumbnails1/w_9.jpg]
[schoolerpindia.com/index_files/vlb_images1/a_8.jpg]
[schoolerpindia.com/index_files/vlb_thumbnails1/a_8.jpg]
[schoolerpindia.com/index_files/vlb_images1/w_3.jpg]
[schoolerpindia.com/index_files/vlb_thumbnails1/w_3.jpg]
[schoolerpindia.com/index_files/vlb_images1/w_4.jpg]
[schoolerpindia.com/index_files/vlb_thumbnails1/w_4.jpg]
[schoolerpindia.com/index_files/vlb_images1/w_6.jpg]
[schoolerpindia.com/index_files/vlb_thumbnails1/w_6.jpg]
[schoolerpindia.com/index_files/vlb_images1/w_7.jpg]
[schoolerpindia.com/index_files/vlb_thumbnails1/w_7.jpg]
[schoolerpindia.com/index_files/vlb_images1/w_12.jpg]
[schoolerpindia.com/index_files/vlb_thumbnails1/w_12.jpg]
[schoolerpindia.com/index_files/vlb_images1/w_13.jpg]
[schoolerpindia.com/index_files/vlb_thumbnails1/w_13.jpg]
[schoolerpindia.com/index_files/vlb_engine/vlbdata1.js]
[schoolerpindia.com/academics-management.html]
[schoolerpindia.com/images/e5.png]
[schoolerpindia.com/images/e1.png]
[schoolerpindia.com/images/e2.png]
[schoolerpindia.com/images/e3.png]
[schoolerpindia.com/images/e4.png]
[schoolerpindia.com/images/e6.png]
[schoolerpindia.com/images/e7.png]
[schoolerpindia.com/images/e8.png]
[schoolerpindia.com/exam-management.html]
[schoolerpindia.com/images/on1.png]
[schoolerpindia.com/images/on2.png]
[schoolerpindia.com/online_exam.html]
[schoolerpindia.com/hr-management.html]
[schoolerpindia.com/index_files/vlb_images1/a_6.jpg]
[schoolerpindia.com/index_files/vlb_thumbnails1/a_6.jpg]
[schoolerpindia.com/index_files/vlb_images1/a_7.jpg]
[schoolerpindia.com/index_files/vlb_thumbnails1/a_7.jpg]
[schoolerpindia.com/index_files/vlb_images1/w_10.jpg]
[schoolerpindia.com/index_files/vlb_thumbnails1/w_10.jpg]
[schoolerpindia.com/index_files/vlb_images1/w_11.jpg]
[schoolerpindia.com/index_files/vlb_thumbnails1/w_11.jpg]
[schoolerpindia.com/index_files/vlb_images1/w_15.jpg]
[schoolerpindia.com/index_files/vlb_thumbnails1/w_15.jpg]
[schoolerpindia.com/index_files/vlb_images1/w_16.jpg]
[schoolerpindia.com/index_files/vlb_thumbnails1/w_16.jpg]
[schoolerpindia.com/index_files/vlb_images1/w_22.jpg]
[schoolerpindia.com/index_files/vlb_thumbnails1/w_22.jpg]
[schoolerpindia.com/learning_management.html]
[schoolerpindia.com/images/st7.png]
[schoolerpindia.com/images/st1.png]
[schoolerpindia.com/images/st2.png]
[schoolerpindia.com/images/st3.png]
[schoolerpindia.com/images/st4.png]
[schoolerpindia.com/images/st5.png]
[schoolerpindia.com/images/st6.png]
[schoolerpindia.com/inventory_management.html]
[schoolerpindia.com/images/transport-management-big-img.png]
[schoolerpindia.com/images/tr1.png]
[schoolerpindia.com/images/tr2.png]
[schoolerpindia.com/images/tr3.png]
[schoolerpindia.com/images/tr4.png]
[schoolerpindia.com/images/tr5.png]
[schoolerpindia.com/transport-management.html]
[schoolerpindia.com/images/allumini.png]
[schoolerpindia.com/alumni_management.html]
[schoolerpindia.com/softimages/tag-followup.png]
[schoolerpindia.com/softimages/tag-followup-1.png]
[schoolerpindia.com/softimages/tag-followup-2.png]
[schoolerpindia.com/softimages/fees-followup.png]
[schoolerpindia.com/softimages/fees-followup2.png]
[schoolerpindia.com/softimages/enquiry-followup.png]
[schoolerpindia.com/followup_management.html]
[schoolerpindia.com/images/Face-Reader.jpg]
[schoolerpindia.com/images/biometric-machine.jpg]
[schoolerpindia.com/attendance-machine.html]
[schoolerpindia.com/images/payment-gateway.png]
[schoolerpindia.com/payment-gateway.html]
[schoolerpindia.com/images/SMS-Gateway.jpg]
[schoolerpindia.com/sms-gateway.html]
[schoolerpindia.com/images/bulk_mail2.jpg]
[schoolerpindia.com/bulk-email.html]
[schoolerpindia.com/images/dynamic-qr.jpg]
[schoolerpindia.com/fee-via-dynamic-qr-code.html]
[schoolerpindia.com/images/Web-Conferencing.png]
[schoolerpindia.com/googlemeet-zoom.html]
[schoolerpindia.com/images/app/a.webp]
[schoolerpindia.com/images/app/d.webp]
[schoolerpindia.com/images/app/c.webp]
[schoolerpindia.com/images/app/i.webp]
[schoolerpindia.com/images/app/e.webp]
[schoolerpindia.com/images/app/f.webp]
[schoolerpindia.com/images/app/g.webp]
[schoolerpindia.com/images/app/h.webp]
[schoolerpindia.com/dynamic_website.html]
[schoolerpindia.com/index_files/vlb_engine/jquery.min.js]
[schoolerpindia.com/index_files/vlb_engine/visuallightbox.js]
[schoolerpindia.com/index_files/vlb_images1/w_2.jpg]
[schoolerpindia.com/index_files/vlb_thumbnails1/w_2.jpg]
[schoolerpindia.com/index_files/vlb_images1/a_14.jpg]
[schoolerpindia.com/index_files/vlb_thumbnails1/a_14.jpg]
[schoolerpindia.com/index_files/vlb_images1/a_15.jpg]
[schoolerpindia.com/index_files/vlb_thumbnails1/a_15.jpg]
[schoolerpindia.com/index_files/vlb_images1/a_13.jpg]
[schoolerpindia.com/index_files/vlb_thumbnails1/a_13.jpg]
[schoolerpindia.com/index_files/vlb_images1/w_17.jpg]
[schoolerpindia.com/index_files/vlb_thumbnails1/w_17.jpg]
[schoolerpindia.com/index_files/vlb_images1/a_9.jpg]
[schoolerpindia.com/index_files/vlb_thumbnails1/a_9.jpg]
[schoolerpindia.com/index_files/vlb_images1/a_10.jpg]
[schoolerpindia.com/index_files/vlb_thumbnails1/a_10.jpg]
[schoolerpindia.com/index_files/vlb_images1/w_14.jpg]
[schoolerpindia.com/index_files/vlb_thumbnails1/w_14.jpg]
[schoolerpindia.com/index_files/vlb_images1/w_25.jpg]
[schoolerpindia.com/index_files/vlb_thumbnails1/w_25.jpg]
[schoolerpindia.com/index_files/vlb_images1/a_11.jpg]
[schoolerpindia.com/index_files/vlb_thumbnails1/a_11.jpg]
[schoolerpindia.com/index_files/vlb_images1/w_18.jpg]
[schoolerpindia.com/index_files/vlb_thumbnails1/w_18.jpg]
[schoolerpindia.com/index_files/vlb_images1/w_19.jpg]
[schoolerpindia.com/index_files/vlb_thumbnails1/w_19.jpg]
[schoolerpindia.com/index_files/vlb_images1/w_20.jpg]
[schoolerpindia.com/index_files/vlb_thumbnails1/w_20.jpg]
[schoolerpindia.com/index_files/vlb_images1/w_21.jpg]
[schoolerpindia.com/index_files/vlb_thumbnails1/w_21.jpg]
[schoolerpindia.com/index_files/vlb_images1/w_23.jpg]
[schoolerpindia.com/index_files/vlb_thumbnails1/w_23.jpg]
[schoolerpindia.com/index_files/vlb_images1/w_24.jpg]
[schoolerpindia.com/index_files/vlb_thumbnails1/w_24.jpg]
[schoolerpindia.com/index_files/vlb_images1/w_26.jpg]
[schoolerpindia.com/index_files/vlb_thumbnails1/w_26.jpg]
[schoolerpindia.com/mobileapp.html]
[schoolerpindia.com/images/bg/mobile-app-features-img2.png]
[schoolerpindia.com/images/tab-messaging.jpg]
[schoolerpindia.com/images/bg/6.webp]
[schoolerpindia.com/images/bg/RS9N.png]
[schoolerpindia.com/images/bg/RS9N.pdf]
[schoolerpindia.com/images/bg/RS9W.png]
[schoolerpindia.com/images/bg/RS9W.pdf]
[schoolerpindia.com/images/bg/304mini.jpg]
[schoolerpindia.com/images/bg/304mini.pdf]
[schoolerpindia.com/images/bg/T52F_PRO.png]
[schoolerpindia.com/images/bg/T52F_pro.pdf]
[schoolerpindia.com/images/bg/RS910.png]
[schoolerpindia.com/images/bg/RS910.pdf]
[schoolerpindia.com/images/bg/T304F-mini.png]
[schoolerpindia.com/images/bg/T304F_mini.pdf]
[schoolerpindia.com/images/bg/T304F+.png]
[schoolerpindia.com/images/bg/1907220219_doneT304f+.pdf]
[schoolerpindia.com/images/bg/T304f.png]
[schoolerpindia.com/images/bg/2304240217_T304F miniwith wifi.pdf]
[schoolerpindia.com/images/bg/Cardthik.jpg]
[schoolerpindia.com/pricing.html]
[schoolerpindia.com/images/about/partners.jpg]
[schoolerpindia.com/images/partners/Profits.png]
[schoolerpindia.com/images/partners/Payment plane.png]
[schoolerpindia.com/images/partners/Market_resource.png]
[schoolerpindia.com/images/partners/Pre_salessupport.png]
[schoolerpindia.com/images/partners/Anywhere_sales.png]
[schoolerpindia.com/images/partners/Technical_part.png]
[schoolerpindia.com/images/partners/Account.png]
[schoolerpindia.com/images/partners/Revenue_stream.png]
[schoolerpindia.com/brochure/brochure.pdf]
[schoolerpindia.com/partners.html]
[cdn.jsdelivr.net/npm/bootstrap@5.0.2/dist/css/bootstrap.min.css]
[cdn.jsdelivr.net/npm/bootstrap@5.0.2/dist/js/bootstrap.bundle.min.js]
[schoolerpindia.com/images/states/Punjab_01.png]
[schoolerpindia.com/images/states/Uttarakhand_01.png]
[schoolerpindia.com/images/states/Uttarakhand_02.png]
[schoolerpindia.com/images/states/Uttarakhand_03.png]
[schoolerpindia.com/images/states/Uttarakhand_04.png]
[schoolerpindia.com/images/states/Delhi_01.png]
[schoolerpindia.com/images/states/Delhi_02.png]
[schoolerpindia.com/images/states/up_01.png]
[schoolerpindia.com/images/states/up_02.png]
[schoolerpindia.com/images/states/up_03.png]
[schoolerpindia.com/images/states/up_04.png]
[schoolerpindia.com/images/states/up_05.png]
[schoolerpindia.com/images/states/up_06.png]
[schoolerpindia.com/images/states/Bihar_01.png]
[schoolerpindia.com/images/states/Bihar_02.png]
[schoolerpindia.com/images/states/Bihar_03.png]
[schoolerpindia.com/images/states/Bihar_04.png]
[schoolerpindia.com/images/states/Bihar_05.png]
[schoolerpindia.com/images/states/Bihar_06.png]
[schoolerpindia.com/images/states/RAJASTHAN_01.png]
[schoolerpindia.com/images/states/RAJASTHAN_02.png]
[schoolerpindia.com/images/states/RAJASTHAN_03.png]
[schoolerpindia.com/images/states/RAJASTHAN_04.png]
[schoolerpindia.com/images/states/RAJASTHAN_05.png]
[schoolerpindia.com/images/states/RAJASTHAN_06.png]
[schoolerpindia.com/images/states/Madhya Pradesh_01.png]
[schoolerpindia.com/images/states/Madhya Pradesh_02.png]
[schoolerpindia.com/images/states/Madhya Pradesh_03.png]
[schoolerpindia.com/images/states/Madhya Pradesh_04.png]
[schoolerpindia.com/images/states/Madhya Pradesh_05.png]
[schoolerpindia.com/images/states/Madhya Pradesh_06.png]
[schoolerpindia.com/images/states/Gujarat_01.png]
[schoolerpindia.com/images/states/Gujarat_02.png]
[schoolerpindia.com/images/states/Gujarat_03.png]
[schoolerpindia.com/images/states/Gujarat_04.png]
[schoolerpindia.com/images/states/Gujarat_05.png]
[schoolerpindia.com/images/states/Haryana_01.png]
[schoolerpindia.com/images/states/Haryana_02.png]
[schoolerpindia.com/images/states/Haryana_03.png]
[schoolerpindia.com/images/states/Haryana_04.png]
[schoolerpindia.com/images/states/Haryana_05.png]
[schoolerpindia.com/images/states/West Bengal_01.png]
[schoolerpindia.com/images/states/Jharkhand_01.png]
[schoolerpindia.com/images/states/Odisha_01.png]
[schoolerpindia.com/images/states/Odisha_02.png]
[schoolerpindia.com/images/states/Odisha_03.png]
[schoolerpindia.com/images/states/cg_01.png]
[schoolerpindia.com/images/states/Maharashtra_01.png]
[schoolerpindia.com/images/states/Maharashtra_02.png]
[schoolerpindia.com/images/states/Maharashtra_03.png]
[schoolerpindia.com/images/states/Maharashtra_04.png]
[schoolerpindia.com/images/states/Telangana_01.png]
[schoolerpindia.com/dependencies/jquery/jquery.min.js]
[schoolerpindia.com/dependencies/bootstrap/js/bootstrap.min.js]
[schoolerpindia.com/dependencies/swiper/js/swiper.min.js]
[schoolerpindia.com/dependencies/jquery.appear/jquery.appear.js]
[schoolerpindia.com/dependencies/wow/js/wow.min.js]
[schoolerpindia.com/dependencies/countUp.js/countUp.min.js]
[schoolerpindia.com/dependencies/isotope-layout/isotope.pkgd.min.js]
[schoolerpindia.com/dependencies/imagesloaded/imagesloaded.pkgd.min.js]
[schoolerpindia.com/dependencies/jquery.parallax-scroll/js/jquery.parallax-scroll.js]
[schoolerpindia.com/dependencies/magnific-popup/js/jquery.magnific-popup.min.js]
[schoolerpindia.com/assets/js/classie.js]
[schoolerpindia.com/assets/js/selectFx.js]
[schoolerpindia.com/assets/js/header.js]
[schoolerpindia.com/assets/js/app.js]
[schoolerpindia.com/client.html]
[schoolerpindia.com/contact-us.html]
[schoolerpindia.com/progress-card.html]
[schoolerpindia.com/student-app.html]
[schoolerpindia.com/images/w_36.jpg]
[schoolerpindia.com/images/w_34.jpg]
[schoolerpindia.com/images/w_35.jpg]
[schoolerpindia.com/images/w_33.jpg]
[schoolerpindia.com/images/w_32.jpg]
[schoolerpindia.com/teacher-app.html]
[schoolerpindia.com/admin-app.html]
[schoolerpindia.com/images/w_31.png]
[schoolerpindia.com/images/app/Screenshot_1.png]
[schoolerpindia.com/images/app/Screenshot_2.png]
[schoolerpindia.com/images/app/Screenshot_3.png]
[schoolerpindia.com/images/app/Screenshot_4.png]
[schoolerpindia.com/images/app/Screenshot_5.png]
[schoolerpindia.com/images/app/Screenshot_6.png]
[schoolerpindia.com/images/app/Screenshot_7.png]
[schoolerpindia.com/images/app/Screenshot_8.png]
[schoolerpindia.com/images/app/Screenshot_9.png]
[schoolerpindia.com/images/app/Screenshot_10.png]
[schoolerpindia.com/student-web-login.html]
[schoolerpindia.com/privace-policy.html]
[schoolerpindia.com/css/bootstrap.min.css]
[schoolerpindia.com/fonts/webexflaticon/Flaticon.eot]
[schoolerpindia.com/fonts/webexflaticon/Flaticond41dd41d.eot]
[schoolerpindia.com/fonts/webexflaticon/Flaticon.woff2]
[schoolerpindia.com/fonts/webexflaticon/Flaticon.woff]
[schoolerpindia.com/fonts/webexflaticon/Flaticon.ttf]
[schoolerpindia.com/fonts/webexflaticon/flaticon.css]
[schoolerpindia.com/fonts/fontawesome/webfonts/fa-brands-400.eot]
[schoolerpindia.com/fonts/fontawesome/webfonts/fa-brands-400d41dd41d.eot]
[schoolerpindia.com/fonts/fontawesome/webfonts/fa-brands-400.woff2]
[schoolerpindia.com/fonts/fontawesome/webfonts/fa-brands-400.woff]
[schoolerpindia.com/fonts/fontawesome/webfonts/fa-brands-400.ttf]
[schoolerpindia.com/fonts/fontawesome/webfonts/fa-regular-400.eot]
[schoolerpindia.com/fonts/fontawesome/webfonts/fa-regular-400d41dd41d.eot]
[schoolerpindia.com/fonts/fontawesome/webfonts/fa-regular-400.woff2]
[schoolerpindia.com/fonts/fontawesome/webfonts/fa-regular-400.woff]
[schoolerpindia.com/fonts/fontawesome/webfonts/fa-regular-400.ttf]
[schoolerpindia.com/fonts/fontawesome/webfonts/fa-solid-900.eot]
[schoolerpindia.com/fonts/fontawesome/webfonts/fa-solid-900d41dd41d.eot]
[schoolerpindia.com/fonts/fontawesome/webfonts/fa-solid-900.woff2]
[schoolerpindia.com/fonts/fontawesome/webfonts/fa-solid-900.woff]
[schoolerpindia.com/fonts/fontawesome/webfonts/fa-solid-900.ttf]
[schoolerpindia.com/fonts/fontawesome/css/all.css]
[schoolerpindia.com/fonts/webexicon/fonts/webexicon30243024.eot]
[schoolerpindia.com/fonts/webexicon/fonts/webexicon30243024.ttf]
[schoolerpindia.com/fonts/webexicon/fonts/webexicon30243024.woff]
[schoolerpindia.com/fonts/webexicon/style.css]
[schoolerpindia.com/images/preloader.svg]
[schoolerpindia.com/images/bg/bg1.html]
[schoolerpindia.com/images/bg/bg2.html]
[schoolerpindia.com/images/bg/bg3.html]
[schoolerpindia.com/images/service/1.html]
[schoolerpindia.com/images/bg/1.html]
[schoolerpindia.com/images/bg/2.html]
[schoolerpindia.com/images/bg/3.html]
[schoolerpindia.com/images/bg/4.html]
[schoolerpindia.com/images/bg/5.html]
[schoolerpindia.com/images/gear.html]
[schoolerpindia.com/css/owl.video.play.html]
[schoolerpindia.com/_images/bg/abs-bg5.html]
[schoolerpindia.com/index_files/vlb_files1/vlightbox1.css]
[schoolerpindia.com/index_files/vlb_files1/loading.gif]
[schoolerpindia.com/index_files/vlb_files1/prev.png]
[schoolerpindia.com/index_files/vlb_files1/next.png]
[schoolerpindia.com/index_files/vlb_files1/close.png]
[schoolerpindia.com/index_files/vlb_files1/back_corvers.png]
[schoolerpindia.com/index_files/vlb_files1/back_tb.png]
[schoolerpindia.com/index_files/vlb_files1/back_lr.png]
[schoolerpindia.com/index_files/vlb_files1/visuallightbox.css]
[schoolerpindia.com/css/fonts₹ css.html]
[schoolerpindia.com/css/app-1.css]
[cdn.jsdelivr.net/npm/bootstrap@5.0.2/dist/css/bootstrap.min.css]
[schoolerpindia.com/dependencies/bootstrap/css/bootstrap.min.css]
[schoolerpindia.com/dependencies/fontawesome/webfonts/fa-brands-400.eot]
[schoolerpindia.com/dependencies/fontawesome/webfonts/fa-brands-400d41dd41d.eot]
[schoolerpindia.com/dependencies/fontawesome/webfonts/fa-brands-400.woff2]
[schoolerpindia.com/dependencies/fontawesome/webfonts/fa-brands-400.woff]
[schoolerpindia.com/dependencies/fontawesome/webfonts/fa-brands-400.ttf]
[schoolerpindia.com/dependencies/fontawesome/webfonts/fa-regular-400.eot]
[schoolerpindia.com/dependencies/fontawesome/webfonts/fa-regular-400d41dd41d.eot]
[schoolerpindia.com/dependencies/fontawesome/webfonts/fa-regular-400.woff2]
[schoolerpindia.com/dependencies/fontawesome/webfonts/fa-regular-400.woff]
[schoolerpindia.com/dependencies/fontawesome/webfonts/fa-regular-400.ttf]
[schoolerpindia.com/dependencies/fontawesome/webfonts/fa-solid-900.eot]
[schoolerpindia.com/dependencies/fontawesome/webfonts/fa-solid-900d41dd41d.eot]
[schoolerpindia.com/dependencies/fontawesome/webfonts/fa-solid-900.woff2]
[schoolerpindia.com/dependencies/fontawesome/webfonts/fa-solid-900.woff]
[schoolerpindia.com/dependencies/fontawesome/webfonts/fa-solid-900.ttf]
[schoolerpindia.com/dependencies/fontawesome/css/all.min.css]
[schoolerpindia.com/dependencies/swiper/css/swiper.min.css]
[schoolerpindia.com/dependencies/wow/css/animate.css]
[schoolerpindia.com/dependencies/magnific-popup/css/magnific-popup.css]
[schoolerpindia.com/dependencies/components-elegant-icons/fonts/ElegantIcons746c746c.eot]
[schoolerpindia.com/dependencies/components-elegant-icons/fonts/ElegantIconsd41dd41d.eot]
[schoolerpindia.com/dependencies/components-elegant-icons/fonts/ElegantIcons746c746c.woff]
[schoolerpindia.com/dependencies/components-elegant-icons/fonts/ElegantIcons746c746c.ttf]
[schoolerpindia.com/dependencies/components-elegant-icons/css/elegant-icons.min.css]
[schoolerpindia.com/dependencies/simple-line-icons/fonts/Simple-Line-Iconsb26cb26c.eot]
[schoolerpindia.com/dependencies/simple-line-icons/fonts/Simple-Line-Iconsb26cb26c.woff2]
[schoolerpindia.com/dependencies/simple-line-icons/fonts/Simple-Line-Iconsb26cb26c.ttf]
[schoolerpindia.com/dependencies/simple-line-icons/fonts/Simple-Line-Iconsb26cb26c.woff]
[schoolerpindia.com/dependencies/simple-line-icons/css/simple-line-icons.css]
[schoolerpindia.com/assets/fonts/Flaticond41dd41d.eot]
[schoolerpindia.com/assets/fonts/Flaticon.woff]
[schoolerpindia.com/assets/fonts/Flaticon.ttf]
[schoolerpindia.com/assets/css/app-1.css]
[schoolerpindia.com/fonts/fonts.html]
[schoolerpindia.com/media/background/bg-client.html]
[schoolerpindia.com/general-sprite1.html]
[schoolerpindia.com/www.google-analytics.com/analytics.html]
[schoolerpindia.com/connect.facebook.net/en_US/fbevents.html]
[schoolerpindia.com/diwali.html]
[schoolerpindia.com/media/background/footer1349.html]
[notix.io/ent/current/enot.min.js]
[www.google-analytics.com/analytics.js]
[connect.facebook.net/en_US/fbevents.js]
[schoolerpindia.com/dependencies/popper.js/popper.min.html]
[schoolerpindia.com/js/lottie.html]
[schoolerpindia.com/fonts/webexflaticon/Flaticon.svg]
[schoolerpindia.com/fonts/fontawesome/webfonts/fa-brands-400.svg]
[schoolerpindia.com/fonts/fontawesome/webfonts/fa-regular-400.svg]
[schoolerpindia.com/fonts/fontawesome/webfonts/fa-solid-900.svg]
[schoolerpindia.com/fonts/webexicon/fonts/webexicon30243024.svg]
[schoolerpindia.com/index_files/vlb_files1/index_files/vlb_files1/close.html]
[schoolerpindia.com/index_files/vlb_files1/index_files/vlb_files1/back_lt.html]
[schoolerpindia.com/index_files/vlb_files1/index_files/vlb_files1/back_ct.html]
[schoolerpindia.com/index_files/vlb_files1/index_files/vlb_files1/back_rt.html]
[schoolerpindia.com/index_files/vlb_files1/index_files/vlb_files1/back_lc.html]
[schoolerpindia.com/index_files/vlb_files1/index_files/vlb_files1/back_rc.html]
[schoolerpindia.com/index_files/vlb_files1/index_files/vlb_files1/back_lb.html]
[schoolerpindia.com/index_files/vlb_files1/index_files/vlb_files1/back_cb.html]
[schoolerpindia.com/index_files/vlb_files1/index_files/vlb_files1/back_rb.html]
[schoolerpindia.com/dependencies/fontawesome/webfonts/fa-brands-400.svg]
[schoolerpindia.com/dependencies/fontawesome/webfonts/fa-regular-400.svg]
[schoolerpindia.com/dependencies/fontawesome/webfonts/fa-solid-900.svg]
[schoolerpindia.com/dependencies/components-elegant-icons/fonts/ElegantIcons746c746c.svg]
[schoolerpindia.com/dependencies/simple-line-icons/fonts/Simple-Line-Iconsb26cb26c.svg]
[schoolerpindia.com/assets/css/Flaticon.html]
[schoolerpindia.com/assets/fonts/Flaticon.svg]
[schoolerpindia.com/assets/media/blog/quote2.html]
[schoolerpindia.com/dependencies/popper.js/assets/img/fav/favicon-16x16.html]
[schoolerpindia.com/dependencies/popper.js/assets/img/fav/safari-pinned-tab.html]
[schoolerpindia.com/dependencies/popper.js/dependencies/bootstrap/css/bootstrap.min.html]
[schoolerpindia.com/dependencies/popper.js/fonts/fonts.html]
[schoolerpindia.com/dependencies/popper.js/dependencies/swiper/css/swiper.min.html]
[schoolerpindia.com/dependencies/popper.js/dependencies/wow/css/animate.html]
[schoolerpindia.com/dependencies/popper.js/dependencies/magnific-popup/css/magnific-popup.html]
[schoolerpindia.com/dependencies/popper.js/dependencies/components-elegant-icons/css/elegant-icons.min.html]
[schoolerpindia.com/dependencies/popper.js/assets/css/app-1.html]
[connect.facebook.net/en_US/fbevents.js]
[schoolerpindia.com/dependencies/popper.js/diwali.html]
[schoolerpindia.com/dependencies/popper.js/index.html]
[schoolerpindia.com/dependencies/popper.js/feature&pricing.html]
[schoolerpindia.com/dependencies/popper.js/ecommerce-website-app.html]
[schoolerpindia.com/dependencies/popper.js/client.html]
[schoolerpindia.com/dependencies/popper.js/Garment-Shop-Software.html]
[schoolerpindia.com/dependencies/popper.js/Womens-Apparel-software.html]
[schoolerpindia.com/dependencies/popper.js/Mens-Apparel-software.html]
[schoolerpindia.com/dependencies/popper.js/Cloth-Shop-Software.html]
[schoolerpindia.com/dependencies/popper.js/Saree-Shop-Billing-Software.html]
[schoolerpindia.com/dependencies/popper.js/Apparel-Management-Software.html]
[schoolerpindia.com/dependencies/popper.js/GST-Billing-Software.html]
[schoolerpindia.com/dependencies/popper.js/Boutique-Management-Software.html]
[schoolerpindia.com/dependencies/popper.js/demo-video-english.html]
[schoolerpindia.com/dependencies/popper.js/client-reviews.html]
[schoolerpindia.com/dependencies/popper.js/blog.html]
[schoolerpindia.com/dependencies/popper.js/contactus.html]
[schoolerpindia.com/dependencies/popper.js/landing-page.html]
[schoolerpindia.com/dependencies/popper.js/calling-icon.html]
[schoolerpindia.com/dependencies/popper.js/media/background/error.html]
[schoolerpindia.com/dependencies/popper.js/media/background/footer1349.html]
[schoolerpindia.com/dependencies/popper.js/whatsapp.html]
[schoolerpindia.com/dependencies/popper.js/privacy-policy.html]
[schoolerpindia.com/dependencies/popper.js/terms&conditions.html]
[schoolerpindia.com/dependencies/popper.js/refunds.html]
[schoolerpindia.com/dependencies/popper.js/dependencies/popper/popper.min.html]
[schoolerpindia.com/dependencies/popper.js/dependencies/jquery/jquery.min.html]
[schoolerpindia.com/dependencies/popper.js/dependencies/bootstrap/js/bootstrap.min.html]
[schoolerpindia.com/dependencies/popper.js/dependencies/swiper/js/swiper.min.html]
[schoolerpindia.com/dependencies/popper.js/assets/js/app1.html]
[schoolerpindia.com/dependencies/popper.js/dependencies/jquery.appear/jquery.appear.html]
[schoolerpindia.com/dependencies/popper.js/dependencies/wow/js/wow.min.html]
[schoolerpindia.com/dependencies/popper.js/dependencies/countUp.js/countUp.min.html]
[schoolerpindia.com/dependencies/popper.js/dependencies/isotope-layout/isotope.pkgd.min.html]
[schoolerpindia.com/dependencies/popper.js/dependencies/imagesloaded/imagesloaded.pkgd.min.html]
[schoolerpindia.com/dependencies/popper.js/dependencies/jquery.parallax-scroll/js/jquery.parallax-scroll.html]
[schoolerpindia.com/dependencies/popper.js/dependencies/magnific-popup/js/jquery.magnific-popup.min.html]
[schoolerpindia.com/dependencies/popper.js/assets/js/header.html]
[schoolerpindia.com/assets/css/assets/img/fav/favicon-16x16.html]
[schoolerpindia.com/assets/css/assets/img/fav/safari-pinned-tab.html]
[schoolerpindia.com/assets/css/dependencies/bootstrap/css/bootstrap.min.html]
[schoolerpindia.com/assets/css/fonts/fonts.html]
[schoolerpindia.com/assets/css/dependencies/swiper/css/swiper.min.html]
[schoolerpindia.com/assets/css/dependencies/wow/css/animate.html]
[schoolerpindia.com/assets/css/dependencies/magnific-popup/css/magnific-popup.html]
[schoolerpindia.com/assets/css/dependencies/components-elegant-icons/css/elegant-icons.min.html]
[schoolerpindia.com/assets/css/assets/css/app-1.html]
[schoolerpindia.com/assets/css/diwali.html]
[schoolerpindia.com/assets/css/index.html]
[schoolerpindia.com/assets/css/feature&pricing.html]
[schoolerpindia.com/assets/css/ecommerce-website-app.html]
[schoolerpindia.com/assets/css/client.html]
[schoolerpindia.com/assets/css/Garment-Shop-Software.html]
[schoolerpindia.com/assets/css/Womens-Apparel-software.html]
[schoolerpindia.com/assets/css/Mens-Apparel-software.html]
[schoolerpindia.com/assets/css/Cloth-Shop-Software.html]
[schoolerpindia.com/assets/css/Saree-Shop-Billing-Software.html]
[schoolerpindia.com/assets/css/Apparel-Management-Software.html]
[schoolerpindia.com/assets/css/GST-Billing-Software.html]
[schoolerpindia.com/assets/css/Boutique-Management-Software.html]
[schoolerpindia.com/assets/css/demo-video-english.html]
[schoolerpindia.com/assets/css/client-reviews.html]
[schoolerpindia.com/assets/css/blog.html]
[schoolerpindia.com/assets/css/contactus.html]
[schoolerpindia.com/assets/css/landing-page.html]
[schoolerpindia.com/assets/css/calling-icon.html]
[schoolerpindia.com/assets/css/media/background/error.html]
[schoolerpindia.com/assets/css/media/background/footer1349.html]
[schoolerpindia.com/assets/css/whatsapp.html]
[schoolerpindia.com/assets/css/privacy-policy.html]
[schoolerpindia.com/assets/css/terms&conditions.html]
[schoolerpindia.com/assets/css/refunds.html]
[schoolerpindia.com/assets/css/dependencies/popper/popper.min.html]
[schoolerpindia.com/assets/css/dependencies/jquery/jquery.min.html]
[schoolerpindia.com/assets/css/dependencies/bootstrap/js/bootstrap.min.html]
[schoolerpindia.com/assets/css/dependencies/swiper/js/swiper.min.html]
[schoolerpindia.com/assets/css/assets/js/app1.html]
[schoolerpindia.com/assets/css/dependencies/jquery.appear/jquery.appear.html]
[schoolerpindia.com/assets/css/dependencies/wow/js/wow.min.html]
[schoolerpindia.com/assets/css/dependencies/countUp.js/countUp.min.html]
[schoolerpindia.com/assets/css/dependencies/isotope-layout/isotope.pkgd.min.html]
[schoolerpindia.com/assets/css/dependencies/imagesloaded/imagesloaded.pkgd.min.html]
[schoolerpindia.com/assets/css/dependencies/jquery.parallax-scroll/js/jquery.parallax-scroll.html]
[schoolerpindia.com/assets/css/dependencies/magnific-popup/js/jquery.magnific-popup.min.html]
[schoolerpindia.com/assets/css/assets/js/header.html]
[schoolerpindia.com/assets/media/blog/assets/img/fav/favicon-16x16.html]
[schoolerpindia.com/assets/media/blog/assets/img/fav/safari-pinned-tab.html]
[schoolerpindia.com/assets/media/blog/dependencies/bootstrap/css/bootstrap.min.html]
[schoolerpindia.com/assets/media/blog/fonts/fonts.html]
[schoolerpindia.com/assets/media/blog/dependencies/swiper/css/swiper.min.html]
[schoolerpindia.com/assets/media/blog/dependencies/wow/css/animate.html]
[schoolerpindia.com/assets/media/blog/dependencies/magnific-popup/css/magnific-popup.html]
[schoolerpindia.com/assets/media/blog/dependencies/components-elegant-icons/css/elegant-icons.min.html]
[schoolerpindia.com/assets/media/blog/assets/css/app-1.html]
[schoolerpindia.com/assets/media/blog/diwali.html]
[schoolerpindia.com/assets/media/blog/index.html]
[schoolerpindia.com/assets/media/blog/feature&pricing.html]
[schoolerpindia.com/assets/media/blog/ecommerce-website-app.html]
[schoolerpindia.com/assets/media/blog/client.html]
[schoolerpindia.com/assets/media/blog/Garment-Shop-Software.html]
[schoolerpindia.com/assets/media/blog/Womens-Apparel-software.html]
[schoolerpindia.com/assets/media/blog/Mens-Apparel-software.html]
[schoolerpindia.com/assets/media/blog/Cloth-Shop-Software.html]
[schoolerpindia.com/assets/media/blog/Saree-Shop-Billing-Software.html]
[schoolerpindia.com/assets/media/blog/Apparel-Management-Software.html]
[schoolerpindia.com/assets/media/blog/GST-Billing-Software.html]
[schoolerpindia.com/assets/media/blog/Boutique-Management-Software.html]
[schoolerpindia.com/assets/media/blog/demo-video-english.html]
[schoolerpindia.com/assets/media/blog/client-reviews.html]
[schoolerpindia.com/assets/media/blog/blog.html]
[schoolerpindia.com/assets/media/blog/contactus.html]
[schoolerpindia.com/assets/media/blog/landing-page.html]
[schoolerpindia.com/assets/media/blog/calling-icon.html]
[schoolerpindia.com/assets/media/blog/media/background/error.html]
[schoolerpindia.com/assets/media/blog/media/background/footer1349.html]
[schoolerpindia.com/assets/media/blog/whatsapp.html]
[schoolerpindia.com/assets/media/blog/privacy-policy.html]
[schoolerpindia.com/assets/media/blog/terms&conditions.html]
[schoolerpindia.com/assets/media/blog/refunds.html]
[schoolerpindia.com/assets/media/blog/dependencies/popper/popper.min.html]
[schoolerpindia.com/assets/media/blog/dependencies/jquery/jquery.min.html]
[schoolerpindia.com/assets/media/blog/dependencies/bootstrap/js/bootstrap.min.html]
[schoolerpindia.com/assets/media/blog/dependencies/swiper/js/swiper.min.html]
[schoolerpindia.com/assets/media/blog/assets/js/app1.html]
[schoolerpindia.com/assets/media/blog/dependencies/jquery.appear/jquery.appear.html]
[schoolerpindia.com/assets/media/blog/dependencies/wow/js/wow.min.html]
[schoolerpindia.com/assets/media/blog/dependencies/countUp.js/countUp.min.html]
[schoolerpindia.com/assets/media/blog/dependencies/isotope-layout/isotope.pkgd.min.html]
[schoolerpindia.com/assets/media/blog/dependencies/imagesloaded/imagesloaded.pkgd.min.html]
[schoolerpindia.com/assets/media/blog/dependencies/jquery.parallax-scroll/js/jquery.parallax-scroll.html]
[schoolerpindia.com/assets/media/blog/dependencies/magnific-popup/js/jquery.magnific-popup.min.html]
[schoolerpindia.com/assets/media/blog/assets/js/header.html]
[schoolerpindia.com/dependencies/popper.js/a.html]
[schoolerpindia.com/dependencies/popper.js/POST.html]
[schoolerpindia.com/dependencies/popper.js/schema.org/index.html]
[schoolerpindia.com/index-2.html]
[schoolerpindia.com/dependencies/popper.js/b.html]
[schoolerpindia.com/signals/iwl.html]
